  Compiling CUDA source file a1_added_deviceSync.cu...
  
  E:\OneDrive\School\CPA\S5\GPU610SSA\A1_p2\a1_p2\a1_p2>"C:\Program Files\NVIDIA GPU Computing Toolkit\CUDA\v10.1\bin\nvcc.exe" -gencode=arch=compute_35,code=\"sm_35,compute_35\" --use-local-env -ccbin "D:\program_files\vs_ide\VC\Tools\MSVC\14.15.26726\bin\HostX86\x64" -x cu  -I"C:\Program Files\NVIDIA GPU Computing Toolkit\CUDA\v10.1\include" -I"C:\Program Files\NVIDIA GPU Computing Toolkit\CUDA\v10.1\include"  -G   --keep-dir x64\Debug -maxrregcount=0  --machine 64 --compile -cudart static  -g   -DWIN32 -DWIN64 -D_DEBUG -D_CONSOLE -D_MBCS -Xcompiler "/EHsc /W3 /nologo /Od /Fdx64\Debug\vc141.pdb /FS /Zi /RTC1 /MDd " -o x64\Debug\a1_added_deviceSync.cu.obj "E:\OneDrive\School\CPA\S5\GPU610SSA\A1_p2\a1_p2\a1_p2\a1_added_deviceSync.cu" 
c:\program files\nvidia gpu computing toolkit\cuda\v10.1\include\crt\math_functions.h : warning C4819: The file contains a character that cannot be represented in the current code page (936). Save the file in Unicode format to prevent data loss
c:\program files\nvidia gpu computing toolkit\cuda\v10.1\include\crt\math_functions.h(824): warning C4819: The file contains a character that cannot be represented in the current code page (936). Save the file in Unicode format to prevent data loss
c:\program files\nvidia gpu computing toolkit\cuda\v10.1\include\crt\math_functions.h(1759): warning C4819: The file contains a character that cannot be represented in the current code page (936). Save the file in Unicode format to prevent data loss
c:\program files\nvidia gpu computing toolkit\cuda\v10.1\include\crt\math_functions.h(2621): warning C4819: The file contains a character that cannot be represented in the current code page (936). Save the file in Unicode format to prevent data loss
c:\program files\nvidia gpu computing toolkit\cuda\v10.1\include\crt\math_functions.h(3460): warning C4819: The file contains a character that cannot be represented in the current code page (936). Save the file in Unicode format to prevent data loss
c:\program files\nvidia gpu computing toolkit\cuda\v10.1\include\crt\math_functions.h(4403): warning C4819: The file contains a character that cannot be represented in the current code page (936). Save the file in Unicode format to prevent data loss
c:\program files\nvidia gpu computing toolkit\cuda\v10.1\include\crt\math_functions.h(5301): warning C4819: The file contains a character that cannot be represented in the current code page (936). Save the file in Unicode format to prevent data loss
c:\program files\nvidia gpu computing toolkit\cuda\v10.1\include\crt\math_functions.h(6212): warning C4819: The file contains a character that cannot be represented in the current code page (936). Save the file in Unicode format to prevent data loss
c:\program files\nvidia gpu computing toolkit\cuda\v10.1\include\crt\math_functions.h(7093): warning C4819: The file contains a character that cannot be represented in the current code page (936). Save the file in Unicode format to prevent data loss
c:\program files\nvidia gpu computing toolkit\cuda\v10.1\include\crt\math_functions.h(7892): warning C4819: The file contains a character that cannot be represented in the current code page (936). Save the file in Unicode format to prevent data loss
c:\program files\nvidia gpu computing toolkit\cuda\v10.1\include\crt/device_functions.h : warning C4819: The file contains a character that cannot be represented in the current code page (936). Save the file in Unicode format to prevent data loss
c:\program files\nvidia gpu computing toolkit\cuda\v10.1\include\crt/device_functions.h(773): warning C4819: The file contains a character that cannot be represented in the current code page (936). Save the file in Unicode format to prevent data loss
c:\program files\nvidia gpu computing toolkit\cuda\v10.1\include\crt/device_functions.h(1628): warning C4819: The file contains a character that cannot be represented in the current code page (936). Save the file in Unicode format to prevent data loss
c:\program files\nvidia gpu computing toolkit\cuda\v10.1\include\crt\device_double_functions.h : warning C4819: The file contains a character that cannot be represented in the current code page (936). Save the file in Unicode format to prevent data loss
c:\program files\nvidia gpu computing toolkit\cuda\v10.1\include\sm_20_intrinsics.h : warning C4819: The file contains a character that cannot be represented in the current code page (936). Save the file in Unicode format to prevent data loss
c:\program files\nvidia gpu computing toolkit\cuda\v10.1\include\sm_20_intrinsics.h(925): warning C4819: The file contains a character that cannot be represented in the current code page (936). Save the file in Unicode format to prevent data loss
c:\program files\nvidia gpu computing toolkit\cuda\v10.1\include\crt\math_functions.h : warning C4819: The file contains a character that cannot be represented in the current code page (936). Save the file in Unicode format to prevent data loss
c:\program files\nvidia gpu computing toolkit\cuda\v10.1\include\crt\math_functions.h(824): warning C4819: The file contains a character that cannot be represented in the current code page (936). Save the file in Unicode format to prevent data loss
c:\program files\nvidia gpu computing toolkit\cuda\v10.1\include\crt\math_functions.h(1759): warning C4819: The file contains a character that cannot be represented in the current code page (936). Save the file in Unicode format to prevent data loss
c:\program files\nvidia gpu computing toolkit\cuda\v10.1\include\crt\math_functions.h(2621): warning C4819: The file contains a character that cannot be represented in the current code page (936). Save the file in Unicode format to prevent data loss
c:\program files\nvidia gpu computing toolkit\cuda\v10.1\include\crt\math_functions.h(3460): warning C4819: The file contains a character that cannot be represented in the current code page (936). Save the file in Unicode format to prevent data loss
c:\program files\nvidia gpu computing toolkit\cuda\v10.1\include\crt\math_functions.h(4403): warning C4819: The file contains a character that cannot be represented in the current code page (936). Save the file in Unicode format to prevent data loss
c:\program files\nvidia gpu computing toolkit\cuda\v10.1\include\crt\math_functions.h(5301): warning C4819: The file contains a character that cannot be represented in the current code page (936). Save the file in Unicode format to prevent data loss
c:\program files\nvidia gpu computing toolkit\cuda\v10.1\include\crt\math_functions.h(6212): warning C4819: The file contains a character that cannot be represented in the current code page (936). Save the file in Unicode format to prevent data loss
c:\program files\nvidia gpu computing toolkit\cuda\v10.1\include\crt\math_functions.h(7093): warning C4819: The file contains a character that cannot be represented in the current code page (936). Save the file in Unicode format to prevent data loss
c:\program files\nvidia gpu computing toolkit\cuda\v10.1\include\crt\math_functions.h(7892): warning C4819: The file contains a character that cannot be represented in the current code page (936). Save the file in Unicode format to prevent data loss
c:\program files\nvidia gpu computing toolkit\cuda\v10.1\include\crt/device_functions.h : warning C4819: The file contains a character that cannot be represented in the current code page (936). Save the file in Unicode format to prevent data loss
c:\program files\nvidia gpu computing toolkit\cuda\v10.1\include\crt/device_functions.h(773): warning C4819: The file contains a character that cannot be represented in the current code page (936). Save the file in Unicode format to prevent data loss
c:\program files\nvidia gpu computing toolkit\cuda\v10.1\include\crt/device_functions.h(1628): warning C4819: The file contains a character that cannot be represented in the current code page (936). Save the file in Unicode format to prevent data loss
c:\program files\nvidia gpu computing toolkit\cuda\v10.1\include\crt\device_double_functions.h : warning C4819: The file contains a character that cannot be represented in the current code page (936). Save the file in Unicode format to prevent data loss
c:\program files\nvidia gpu computing toolkit\cuda\v10.1\include\sm_20_intrinsics.h : warning C4819: The file contains a character that cannot be represented in the current code page (936). Save the file in Unicode format to prevent data loss
c:\program files\nvidia gpu computing toolkit\cuda\v10.1\include\sm_20_intrinsics.h(925): warning C4819: The file contains a character that cannot be represented in the current code page (936). Save the file in Unicode format to prevent data loss
  a1_added_deviceSync.cu
E:/OneDrive/School/CPA/S5/GPU610SSA/A1_p2/a1_p2/a1_p2/a1_added_deviceSync.cu(22): warning C4244: 'argument': conversion from 'time_t' to 'unsigned int', possible loss of data
c:\program files\nvidia gpu computing toolkit\cuda\v10.1\include\crt\math_functions.h : warning C4819: The file contains a character that cannot be represented in the current code page (936). Save the file in Unicode format to prevent data loss
c:\program files\nvidia gpu computing toolkit\cuda\v10.1\include\crt\math_functions.h(824): warning C4819: The file contains a character that cannot be represented in the current code page (936). Save the file in Unicode format to prevent data loss
c:\program files\nvidia gpu computing toolkit\cuda\v10.1\include\crt\math_functions.h(1759): warning C4819: The file contains a character that cannot be represented in the current code page (936). Save the file in Unicode format to prevent data loss
c:\program files\nvidia gpu computing toolkit\cuda\v10.1\include\crt\math_functions.h(2621): warning C4819: The file contains a character that cannot be represented in the current code page (936). Save the file in Unicode format to prevent data loss
c:\program files\nvidia gpu computing toolkit\cuda\v10.1\include\crt\math_functions.h(3461): warning C4819: The file contains a character that cannot be represented in the current code page (936). Save the file in Unicode format to prevent data loss
c:\program files\nvidia gpu computing toolkit\cuda\v10.1\include\crt\math_functions.h(4403): warning C4819: The file contains a character that cannot be represented in the current code page (936). Save the file in Unicode format to prevent data loss
c:\program files\nvidia gpu computing toolkit\cuda\v10.1\include\crt\math_functions.h(5301): warning C4819: The file contains a character that cannot be represented in the current code page (936). Save the file in Unicode format to prevent data loss
c:\program files\nvidia gpu computing toolkit\cuda\v10.1\include\crt\math_functions.h(6212): warning C4819: The file contains a character that cannot be represented in the current code page (936). Save the file in Unicode format to prevent data loss
c:\program files\nvidia gpu computing toolkit\cuda\v10.1\include\crt\math_functions.h(7093): warning C4819: The file contains a character that cannot be represented in the current code page (936). Save the file in Unicode format to prevent data loss
c:\program files\nvidia gpu computing toolkit\cuda\v10.1\include\crt\math_functions.h(7892): warning C4819: The file contains a character that cannot be represented in the current code page (936). Save the file in Unicode format to prevent data loss
  a1_p2.vcxproj -> E:\OneDrive\School\CPA\S5\GPU610SSA\A1_p2\a1_p2\x64\Debug\a1_p2.exe
